<?xml version="1.0" encoding="UTF-8"?>
<!-- Generated by org.testng.reporters.JUnitXMLReporter -->
<testsuite hostname="GYAN-LAB-PC5" ignored="0" name="Test" tests="2" failures="1" timestamp="21 Oct 2019 04:32:17 GMT" time="15.137" errors="0">
  <testcase name="verifyLoginTest" time="15.05" classname="com.facebook.testcases.LoginPageTest"/>
  <testcase name="verifytitle" time="0.019" classname="com.facebook.testcases.LoginPageTest">
    <failure type="java.lang.AssertionError" message="expected [Facebook - log in or sign up] but found [Log in to Facebook | Facebook]">
      <![CDATA[java.lang.AssertionError: expected [Facebook - log in or sign up] but found [Log in to Facebook | Facebook]
at com.facebook.testcases.LoginPageTest.verifytitle(LoginPageTest.java:28)
... Removed 31 stack frames]]>
    </failure>
  </testcase> <!-- verifytitle -->
</testsuite> <!-- Test -->
